[    0.000000] Linux version 4.15.0-109-generic (buildd@lgw01-amd64-010) (gcc version 7.5.0 (Ubuntu 7.5.0-3ubuntu1~18.04)) #110-Ubuntu SMP Tue Jun 23 02:39:32 UTC 2020 (Ubuntu 4.15.0-109.110-generic 4.15.18)
[    0.000000] Command line: BOOT_IMAGE=/boot/vmlinuz-4.15.0-109-generic root=LABEL=cloudimg-rootfs ro console=tty1 console=ttyS0
[    0.000000] KERNEL supported cpus:
[    0.000000]   Intel GenuineIntel
[    0.000000]   AMD AuthenticAMD
[    0.000000]   Centaur CentaurHauls
[    0.000000] x86/fpu: Supporting XSAVE feature 0x001: 'x87 floating point registers'
[    0.000000] x86/fpu: Supporting XSAVE feature 0x002: 'SSE registers'
[    0.000000] x86/fpu: Supporting XSAVE feature 0x004: 'AVX registers'
[    0.000000] x86/fpu: xstate_offset[2]:  576, xstate_sizes[2]:  256
[    0.000000] x86/fpu: Enabled xstate features 0x7, context size is 832 bytes, using 'standard' format.
[    0.000000] e820: BIOS-provided physical RAM map:
[    0.000000] BIOS-e820: [mem 0x0000000000000000-0x000000000009fbff] usable
[    0.000000] BIOS-e820: [mem 0x000000000009fc00-0x000000000009ffff] reserved
[    0.000000] BIOS-e820: [mem 0x00000000000f0000-0x00000000000fffff] reserved
[    0.000000] BIOS-e820: [mem 0x0000000000100000-0x000000001ffeffff] usable
[    0.000000] BIOS-e820: [mem 0x000000001fff0000-0x000000001fffffff] ACPI data
[    0.000000] BIOS-e820: [mem 0x00000000fec00000-0x00000000fec00fff] reserved
[    0.000000] BIOS-e820: [mem 0x00000000fee00000-0x00000000fee00fff] reserved
[    0.000000] BIOS-e820: [mem 0x00000000fffc0000-0x00000000ffffffff] reserved
[    0.000000] NX (Execute Disable) protection: active
[    0.000000] SMBIOS 2.5 present.
[    0.000000] DMI: innotek GmbH VirtualBox/VirtualBox, BIOS VirtualBox 12/01/2006
[    0.000000] Hypervisor detected: KVM
[    0.000000] e820: last_pfn = 0x1fff0 max_arch_pfn = 0x400000000
[    0.000000] MTRR: Disabled
[    0.000000] x86/PAT: MTRRs disabled, skipping PAT initialization too.
[    0.000000] CPU MTRRs all blank - virtualized system.
[    0.000000] x86/PAT: Configuration [0-7]: WB  WT  UC- UC  WB  WT  UC- UC  
[    0.000000] found SMP MP-table at [mem 0x0009fff0-0x0009ffff]
[    0.000000] Scanning 1 areas for low memory corruption
[    0.000000] RAMDISK: [mem 0x1db57000-0x1ee1afff]
[    0.000000] ACPI: Early table checksum verification disabled
[    0.000000] ACPI: RSDP 0x00000000000E0000 000024 (v02 VBOX  )
[    0.000000] ACPI: XSDT 0x000000001FFF0030 00003C (v01 VBOX   VBOXXSDT 00000001 ASL  00000061)
[    0.000000] ACPI: FACP 0x000000001FFF00F0 0000F4 (v04 VBOX   VBOXFACP 00000001 ASL  00000061)
[    0.000000] ACPI: DSDT 0x000000001FFF0470 0021FF (v02 VBOX   VBOXBIOS 00000002 INTL 20100528)
[    0.000000] ACPI: FACS 0x000000001FFF0200 000040
[    0.000000] ACPI: FACS 0x000000001FFF0200 000040
[    0.000000] ACPI: APIC 0x000000001FFF0240 000054 (v02 VBOX   VBOXAPIC 00000001 ASL  00000061)
[    0.000000] ACPI: SSDT 0x000000001FFF02A0 0001CC (v01 VBOX   VBOXCPUT 00000002 INTL 20100528)
[    0.000000] No NUMA configuration found
[    0.000000] Faking a node at [mem 0x0000000000000000-0x000000001ffeffff]
[    0.000000] NODE_DATA(0) allocated [mem 0x1ffc5000-0x1ffeffff]
[    0.000000] kvm-clock: cpu 0, msr 0:1ff44001, primary cpu clock
[    0.000000] kvm-clock: Using msrs 4b564d01 and 4b564d00
[    0.000000] kvm-clock: using sched offset of 3758124936 cycles
[    0.000000] clocksource: kvm-clock: mask: 0xffffffffffffffff max_cycles: 0x1cd42e4dffb, max_idle_ns: 881590591483 ns
[    0.000000] Zone ranges:
[    0.000000]   DMA      [mem 0x0000000000001000-0x0000000000ffffff]
[    0.000000]   DMA32    [mem 0x0000000001000000-0x000000001ffeffff]
[    0.000000]   Normal   empty
[    0.000000]   Device   empty
[    0.000000] Movable zone start for each node
[    0.000000] Early memory node ranges
[    0.000000]   node   0: [mem 0x0000000000001000-0x000000000009efff]
[    0.000000]   node   0: [mem 0x0000000000100000-0x000000001ffeffff]
[    0.000000] Reserved but unavailable: 98 pages
[    0.000000] Initmem setup node 0 [mem 0x0000000000001000-0x000000001ffeffff]
[    0.000000] ACPI: PM-Timer IO Port: 0x4008
[    0.000000] IOAPIC[0]: apic_id 1, version 32, address 0xfec00000, GSI 0-23
[    0.000000] ACPI: INT_SRC_OVR (bus 0 bus_irq 0 global_irq 2 dfl dfl)
[    0.000000] ACPI: INT_SRC_OVR (bus 0 bus_irq 9 global_irq 9 low level)
[    0.000000] Using ACPI (MADT) for SMP configuration information
[    0.000000] smpboot: Allowing 1 CPUs, 0 hotplug CPUs
[    0.000000] PM: Registered nosave memory: [mem 0x00000000-0x00000fff]
[    0.000000] PM: Registered nosave memory: [mem 0x0009f000-0x0009ffff]
[    0.000000] PM: Registered nosave memory: [mem 0x000a0000-0x000effff]
[    0.000000] PM: Registered nosave memory: [mem 0x000f0000-0x000fffff]
[    0.000000] e820: [mem 0x20000000-0xfebfffff] available for PCI devices
[    0.000000] Booting paravirtualized kernel on KVM
[    0.000000] clocksource: refined-jiffies: mask: 0xffffffff max_cycles: 0xffffffff, max_idle_ns: 7645519600211568 ns
[    0.000000] random: get_random_bytes called from start_kernel+0x99/0x500 with crng_init=0
[    0.000000] setup_percpu: NR_CPUS:8192 nr_cpumask_bits:1 nr_cpu_ids:1 nr_node_ids:1
[    0.000000] percpu: Embedded 45 pages/cpu s147456 r8192 d28672 u2097152
[    0.000000] PV qspinlock hash table entries: 256 (order: 0, 4096 bytes)
[    0.000000] Built 1 zonelists, mobility grouping on.  Total pages: 128889
[    0.000000] Policy zone: DMA32
[    0.000000] Kernel command line: BOOT_IMAGE=/boot/vmlinuz-4.15.0-109-generic root=LABEL=cloudimg-rootfs ro console=tty1 console=ttyS0
[    0.000000] Memory: 467120K/523832K available (12300K kernel code, 2481K rwdata, 4272K rodata, 2436K init, 2720K bss, 56712K reserved, 0K cma-reserved)
[    0.000000] SLUB: HWalign=64, Order=0-3, MinObjects=0, CPUs=1, Nodes=1
[    0.000000] Kernel/User page tables isolation: enabled
[    0.000000] ftrace: allocating 39378 entries in 154 pages
[    0.004000] Hierarchical RCU implementation.
[    0.004000] 	RCU restricting CPUs from NR_CPUS=8192 to nr_cpu_ids=1.
[    0.004000] 	Tasks RCU enabled.
[    0.004000] RCU: Adjusting geometry for rcu_fanout_leaf=16, nr_cpu_ids=1
[    0.004000] NR_IRQS: 524544, nr_irqs: 256, preallocated irqs: 16
[    0.004000] Console: colour VGA+ 80x25
[    0.004000] console [tty1] enabled
[    0.004000] console [ttyS0] enabled
[    0.004000] ACPI: Core revision 20170831
[    0.004000] ACPI: 2 ACPI AML tables successfully acquired and loaded
[    0.004000] APIC: Switch to symmetric I/O mode setup
[    0.004000] x2apic enabled
[    0.004000] Switched APIC routing to physical x2apic.
[    0.004000] ..TIMER: vector=0x30 apic1=0 pin1=2 apic2=-1 pin2=-1
[    0.004003] tsc: Detected 2208.000 MHz processor
[    0.004827] Calibrating delay loop (skipped) preset value.. 4416.00 BogoMIPS (lpj=8832000)
[    0.005714] pid_max: default: 32768 minimum: 301
[    0.008033] Security Framework initialized
[    0.009200] Yama: becoming mindful.
[    0.010013] AppArmor: AppArmor initialized
[    0.010830] Dentry cache hash table entries: 65536 (order: 7, 524288 bytes)
[    0.012031] Inode-cache hash table entries: 32768 (order: 6, 262144 bytes)
[    0.013227] Mount-cache hash table entries: 1024 (order: 1, 8192 bytes)
[    0.014432] Mountpoint-cache hash table entries: 1024 (order: 1, 8192 bytes)
[    0.016198] process: using mwait in idle threads
[    0.017092] Last level iTLB entries: 4KB 64, 2MB 8, 4MB 8
[    0.018073] Last level dTLB entries: 4KB 64, 2MB 0, 4MB 0, 1GB 4
[    0.019118] Spectre V1 : Mitigation: usercopy/swapgs barriers and __user pointer sanitization
[    0.020002] Spectre V2 : Mitigation: Full generic retpoline
[    0.024005] Spectre V2 : Spectre v2 / SpectreRSB mitigation: Filling RSB on context switch
[    0.028005] Speculative Store Bypass: Vulnerable
[    0.032042] SRBDS: Unknown: Dependent on hypervisor status
[    0.036005] MDS: Vulnerable: Clear CPU buffers attempted, no microcode
[    0.053169] Freeing SMP alternatives memory: 36K
[    0.169321] smpboot: CPU0: Intel(R) Core(TM) i7-8750H CPU @ 2.20GHz (family: 0x6, model: 0x9e, stepping: 0xa)
[    0.172138] Performance Events: unsupported p6 CPU model 158 no PMU driver, software events only.
[    0.176051] Hierarchical SRCU implementation.
[    0.180484] NMI watchdog: Perf event create on CPU 0 failed with -2
[    0.184005] NMI watchdog: Perf NMI watchdog permanently disabled
[    0.188048] smp: Bringing up secondary CPUs ...
[    0.188902] smp: Brought up 1 node, 1 CPU
[    0.189763] smpboot: Max logical packages: 1
[    0.192006] smpboot: Total of 1 processors activated (4416.00 BogoMIPS)
[    0.193441] devtmpfs: initialized
[    0.194110] x86/mm: Memory block size: 128MB
[    0.194957] evm: security.selinux
[    0.196005] evm: security.SMACK64
[    0.196752] evm: security.SMACK64EXEC
[    0.197675] evm: security.SMACK64TRANSMUTE
[    0.198460] evm: security.SMACK64MMAP
[    0.199126] evm: security.apparmor
[    0.199750] evm: security.ima
[    0.200004] evm: security.capability
[    0.200761] clocksource: jiffies: mask: 0xffffffff max_cycles: 0xffffffff, max_idle_ns: 7645041785100000 ns
[    0.202566] futex hash table entries: 256 (order: 2, 16384 bytes)
[    0.203675] pinctrl core: initialized pinctrl subsystem
[    0.204078] RTC time:  3:56:59, date: 07/29/20
[    0.205556] NET: Registered protocol family 16
[    0.207228] audit: initializing netlink subsys (disabled)
[    0.208127] cpuidle: using governor ladder
[    0.208959] cpuidle: using governor menu
[    0.209759] ACPI: bus type PCI registered
[    0.210521] acpiphp: ACPI Hot Plug PCI Controller Driver version: 0.5
[    0.212006] audit: type=2000 audit(1595995021.094:1): state=initialized audit_enabled=0 res=1
[    0.216016] PCI: Using configuration type 1 for base access
[    0.217761] HugeTLB registered 2.00 MiB page size, pre-allocated 0 pages
[    0.219017] ACPI: Added _OSI(Module Device)
[    0.219765] ACPI: Added _OSI(Processor Device)
[    0.220004] ACPI: Added _OSI(3.0 _SCP Extensions)
[    0.220826] ACPI: Added _OSI(Processor Aggregator Device)
[    0.221868] ACPI: Added _OSI(Linux-Dell-Video)
[    0.224019] ACPI: Added _OSI(Linux-Lenovo-NV-HDMI-Audio)
[    0.228025] ACPI: Added _OSI(Linux-HPI-Hybrid-Graphics)
[    0.232351] ACPI: Executed 1 blocks of module-level executable AML code
[    0.242356] ACPI: Interpreter enabled
[    0.244025] ACPI: (supports S0 S5)
[    0.248007] ACPI: Using IOAPIC for interrupt routing
[    0.252198] PCI: Using host bridge windows from ACPI; if necessary, use "pci=nocrs" and report a bug
[    0.256219] ACPI: Enabled 2 GPEs in block 00 to 07
[    0.268955] ACPI: PCI Root Bridge [PCI0] (domain 0000 [bus 00-ff])
[    0.272018] acpi PNP0A03:00: _OSC: OS supports [ASPM ClockPM Segments MSI]
[    0.276041] acpi PNP0A03:00: _OSC: not requesting OS control; OS requires [ExtendedConfig ASPM ClockPM MSI]
[    0.280022] acpi PNP0A03:00: fail to add MMCONFIG information, can't access extended PCI configuration space under this bridge.
[    0.284455] PCI host bridge to bus 0000:00
[    0.285307] pci_bus 0000:00: root bus resource [io  0x0000-0x0cf7 window]
[    0.286682] pci_bus 0000:00: root bus resource [io  0x0d00-0xffff window]
[    0.288003] pci_bus 0000:00: root bus resource [mem 0x000a0000-0x000bffff window]
[    0.289383] pci_bus 0000:00: root bus resource [mem 0x20000000-0xfdffffff window]
[    0.290719] pci_bus 0000:00: root bus resource [bus 00-ff]
[    0.294393] pci 0000:00:01.1: legacy IDE quirk: reg 0x10: [io  0x01f0-0x01f7]
[    0.296008] pci 0000:00:01.1: legacy IDE quirk: reg 0x14: [io  0x03f6]
[    0.300008] pci 0000:00:01.1: legacy IDE quirk: reg 0x18: [io  0x0170-0x0177]
[    0.301686] pci 0000:00:01.1: legacy IDE quirk: reg 0x1c: [io  0x0376]
[    0.313860] pci 0000:00:07.0: quirk: [io  0x4000-0x403f] claimed by PIIX4 ACPI
[    0.315631] pci 0000:00:07.0: quirk: [io  0x4100-0x410f] claimed by PIIX4 SMB
[    0.320893] ACPI: PCI Interrupt Link [LNKA] (IRQs 5 9 10 *11)
[    0.324296] ACPI: PCI Interrupt Link [LNKB] (IRQs 5 9 *10 11)
[    0.328228] ACPI: PCI Interrupt Link [LNKC] (IRQs 5 *9 10 11)
[    0.332149] ACPI: PCI Interrupt Link [LNKD] (IRQs 5 9 10 *11)
[    0.336348] SCSI subsystem initialized
[    0.340124] pci 0000:00:02.0: vgaarb: setting as boot VGA device
[    0.344000] pci 0000:00:02.0: vgaarb: VGA device added: decodes=io+mem,owns=io+mem,locks=none
[    0.344009] pci 0000:00:02.0: vgaarb: bridge control possible
[    0.348006] vgaarb: loaded
[    0.352050] ACPI: bus type USB registered
[    0.356034] usbcore: registered new interface driver usbfs
[    0.360024] usbcore: registered new interface driver hub
[    0.364030] usbcore: registered new device driver usb
[    0.368086] EDAC MC: Ver: 3.0.0
[    0.372401] PCI: Using ACPI for IRQ routing
[    0.376468] NetLabel: Initializing
[    0.377290] NetLabel:  domain hash size = 128
[    0.378339] NetLabel:  protocols = UNLABELED CIPSOv4 CALIPSO
[    0.379612] NetLabel:  unlabeled traffic allowed by default
[    0.380108] clocksource: Switched to clocksource kvm-clock
[    0.392853] VFS: Disk quotas dquot_6.6.0
[    0.393779] VFS: Dquot-cache hash table entries: 512 (order 0, 4096 bytes)
[    0.395055] AppArmor: AppArmor Filesystem Enabled
[    0.395957] pnp: PnP ACPI init
[    0.397741] pnp: PnP ACPI: found 3 devices
[    0.403685] clocksource: acpi_pm: mask: 0xffffff max_cycles: 0xffffff, max_idle_ns: 2085701024 ns
[    0.409471] NET: Registered protocol family 2
[    0.410391] TCP established hash table entries: 4096 (order: 3, 32768 bytes)
[    0.525658] TCP bind hash table entries: 4096 (order: 4, 65536 bytes)
[    0.642944] TCP: Hash tables configured (established 4096 bind 4096)
[    0.785487] UDP hash table entries: 256 (order: 1, 8192 bytes)
[    0.843139] UDP-Lite hash table entries: 256 (order: 1, 8192 bytes)
[    0.943224] NET: Registered protocol family 1
[    1.018776] pci 0000:00:00.0: Limiting direct PCI/PCI transfers
[    1.124510] pci 0000:00:01.0: Activating ISA DMA hang workarounds
[    1.278402] pci 0000:00:02.0: Video device with shadowed ROM at [mem 0x000c0000-0x000dffff]
[    1.407518] Unpacking initramfs...
[    1.750363] Freeing initrd memory: 19216K
[    1.807057] clocksource: tsc: mask: 0xffffffffffffffff max_cycles: 0x1fd3b81b95f, max_idle_ns: 440795257325 ns
[    1.859709] platform rtc_cmos: registered platform RTC device (no PNP device found)
[    1.968958] Scanning for low memory corruption every 60 seconds
[    2.105195] Initialise system trusted keyrings
[    2.198820] Key type blacklist registered
[    2.268773] workingset: timestamp_bits=36 max_order=17 bucket_order=0
[    2.340133] zbud: loaded
[    2.356654] squashfs: version 4.0 (2009/01/31) Phillip Lougher
[    2.460243] fuse init (API version 7.26)
[    2.534044] Key type asymmetric registered
[    2.535127] Asymmetric key parser 'x509' registered
[    2.536339] Block layer SCSI generic (bsg) driver version 0.4 loaded (major 246)
[    2.538028] io scheduler noop registered
[    2.539526] io scheduler deadline registered
[    2.549036] io scheduler cfq registered (default)
[    2.550284] ACPI: AC Adapter [AC] (on-line)
[    2.551091] input: Power Button as /devices/LNXSYSTM:00/LNXPWRBN:00/input/input0
[    2.552452] ACPI: Power Button [PWRF]
[    2.553200] input: Sleep Button as /devices/LNXSYSTM:00/LNXSLPBN:00/input/input1
[    2.554702] ACPI: Sleep Button [SLPF]
[    2.557632] ACPI: Battery Slot [BAT0] (battery present)
[    2.558901] Serial: 8250/16550 driver, 32 ports, IRQ sharing enabled
[    2.586817] 00:02: ttyS0 at I/O 0x3f8 (irq = 4, base_baud = 115200) is a 16550A
[    2.700937] Linux agpgart interface v0.103
[    2.788809] loop: module loaded
[    2.828924] scsi host0: ata_piix
[    2.889767] scsi host1: ata_piix
[    2.931145] ata1: PATA max UDMA/33 cmd 0x1f0 ctl 0x3f6 bmdma 0xd000 irq 14
[    2.965365] ata2: PATA max UDMA/33 cmd 0x170 ctl 0x376 bmdma 0xd008 irq 15
[    2.968425] libphy: Fixed MDIO Bus: probed
[    2.969219] tun: Universal TUN/TAP device driver, 1.6
[    2.979014] PPP generic driver version 2.4.2
[    2.993426] ehci_hcd: USB 2.0 'Enhanced' Host Controller (EHCI) Driver
[    3.018430] ehci-pci: EHCI PCI platform driver
[    3.079975] ehci-platform: EHCI generic platform driver
[    3.178715] ohci_hcd: USB 1.1 'Open' Host Controller (OHCI) Driver
[    3.263162] ohci-pci: OHCI PCI platform driver
[    3.325881] ohci-platform: OHCI generic platform driver
[    3.471361] uhci_hcd: USB Universal Host Controller Interface driver
[    3.588852] i8042: PNP: PS/2 Controller [PNP0303:PS2K,PNP0f03:PS2M] at 0x60,0x64 irq 1,12
[    3.613771] serio: i8042 KBD port at 0x60,0x64 irq 1
[    3.614915] serio: i8042 AUX port at 0x60,0x64 irq 12
[    3.616043] mousedev: PS/2 mouse device common for all mice
[    3.617327] input: AT Translated Set 2 keyboard as /devices/platform/i8042/serio0/input/input2
[    3.619233] rtc_cmos rtc_cmos: rtc core: registered rtc_cmos as rtc0
[    3.620410] rtc_cmos rtc_cmos: alarms up to one day, 114 bytes nvram
[    3.621728] i2c /dev entries driver
[    3.622702] device-mapper: uevent: version 1.0.3
[    3.623762] device-mapper: ioctl: 4.37.0-ioctl (2017-09-20) initialised: dm-devel@redhat.com
[    3.625486] ledtrig-cpu: registered to indicate activity on CPUs
[    3.626791] intel_pmc_core:  initialized
[    3.627638] NET: Registered protocol family 10
[    3.630708] Segment Routing with IPv6
[    3.631491] NET: Registered protocol family 17
[    3.632341] Key type dns_resolver registered
[    3.633196] mce: Using 0 MCE banks
[    3.633842] RAS: Correctable Errors collector initialized.
[    3.634807] sched_clock: Marking stable (3632301720, 0)->(9293096734, -5660795014)
[    3.636238] registered taskstats version 1
[    3.637034] Loading compiled-in X.509 certificates
[    3.639691] Loaded X.509 cert 'Build time autogenerated kernel key: 495c641868e7df5e32bc382f03c4f4fc9cad4e78'
[    3.643869] zswap: loaded using pool lzo/zbud
[    3.646652] Key type big_key registered
[    3.647355] Key type trusted registered
[    3.649101] Key type encrypted registered
[    3.702342] AppArmor: AppArmor sha1 policy hashing enabled
[    3.810783] ima: No TPM chip found, activating TPM-bypass! (rc=-19)
[    3.907040] ima: Allocated hash algorithm: sha1
[    3.988032] evm: HMAC attrs: 0x1
[    4.054953]   Magic number: 12:392:918
[    4.106319] rtc_cmos rtc_cmos: setting system clock to 2020-07-29 03:57:05 UTC (1595995025)
[    4.239459] BIOS EDD facility v0.16 2004-Jun-25, 0 devices found
[    4.309056] EDD information not available.
[    4.370062] Freeing unused kernel image memory: 2436K
[    4.480576] Write protecting the kernel read-only data: 20480k
[    4.604986] Freeing unused kernel image memory: 2008K
[    4.706416] Freeing unused kernel image memory: 1872K
[    4.736058] x86/mm: Checked W+X mappings: passed, no W+X pages found.
[    4.737352] x86/mm: Checking user space page tables
[    4.743846] x86/mm: Checked W+X mappings: passed, no W+X pages found.
Loading, please wait...
starting version 237
[    4.828261] e1000: Intel(R) PRO/1000 Network Driver - version 7.3.21-k8-NAPI
[    4.948683] e1000: Copyright (c) 1999-2006 Intel Corporation.
[    5.077969] Fusion MPT base driver 3.04.20
[    5.143153] Copyright (c) 1999-2008 LSI Corporation
[    5.242301] AVX2 version of gcm_enc/dec engaged.
[    5.323105] AES CTR mode by8 optimization enabled
[    5.395242] Fusion MPT SPI Host driver 3.04.20
[    5.460461] input: ImExPS/2 Generic Explorer Mouse as /devices/platform/i8042/serio1/input/input4
[    5.608308] mptbase: ioc0: Initiating bringup
[    5.753407] ioc0: LSI53C1030 A0: Capabilities={Initiator}
[    6.046428] scsi host2: ioc0: LSI53C1030 A0, FwRev=00000000h, Ports=1, MaxQ=256, IRQ=20
[    6.324907] scsi 2:0:0:0: Direct-Access     VBOX     HARDDISK         1.0  PQ: 0 ANSI: 5
[    6.477479] scsi target2:0:0: Beginning Domain Validation
[    6.607007] random: fast init done
[    6.716099] scsi target2:0:0: Domain Validation skipping write tests
[    6.828652] scsi target2:0:0: Ending Domain Validation
[    7.066099] scsi target2:0:0: asynchronous
[    7.191495] scsi 2:0:1:0: Direct-Access     VBOX     HARDDISK         1.0  PQ: 0 ANSI: 5
[    7.396617] scsi target2:0:1: Beginning Domain Validation
[    7.480987] scsi target2:0:1: Domain Validation skipping write tests
[    7.621304] scsi target2:0:1: Ending Domain Validation
[    7.723760] random: systemd-udevd: uninitialized urandom read (16 bytes read)
[    7.834595] scsi target2:0:1: asynchronous
[    7.857829] e1000 0000:00:03.0 eth0: (PCI:33MHz:32-bit) 02:a9:4c:67:4e:6e
[    7.928116] e1000 0000:00:03.0 eth0: Intel(R) PRO/1000 Network Connection
[    7.929688] random: systemd-udevd: uninitialized urandom read (16 bytes read)
[    7.972875] random: systemd-udevd: uninitialized urandom read (16 bytes read)
[    7.981864] sd 2:0:0:0: Attached scsi generic sg0 type 0
[    7.983450] sd 2:0:0:0: [sda] 20971520 512-byte logical blocks: (10.7 GB/10.0 GiB)
[    7.985563] sd 2:0:0:0: [sda] Write Protect is off
[    7.986643] sd 2:0:1:0: Attached scsi generic sg1 type 0
[    7.987993] e1000 0000:00:03.0 enp0s3: renamed from eth0
[    7.989701] sd 2:0:0:0: [sda] Incomplete mode parameter data
[    7.992785] sd 2:0:0:0: [sda] Assuming drive cache: write through
[    7.997634] sd 2:0:1:0: [sdb] 20480 512-byte logical blocks: (10.5 MB/10.0 MiB)
[    8.000160] sd 2:0:1:0: [sdb] Write Protect is off
[    8.001349] sd 2:0:1:0: [sdb] Incomplete mode parameter data
[    8.002879] sd 2:0:1:0: [sdb] Assuming drive cache: write through
[    8.005572]  sda: sda1
[    8.009409] sd 2:0:1:0: [sdb] Attached SCSI disk
[    8.060314] sd 2:0:0:0: [sda] Attached SCSI disk
Begin: Loading essential drivers ... [    9.548202] raid6: sse2x1   gen() 12513 MB/s
[    9.685078] raid6: sse2x1   xor()  9518 MB/s
[    9.803180] raid6: sse2x2   gen() 17111 MB/s
[    9.904216] raid6: sse2x2   xor() 10621 MB/s
[    9.996953] raid6: sse2x4   gen() 17848 MB/s
[   10.084514] raid6: sse2x4   xor() 11554 MB/s
[   10.193995] raid6: avx2x1   gen() 26739 MB/s
[   10.337653] raid6: avx2x1   xor() 18396 MB/s
[   10.453781] raid6: avx2x2   gen() 31351 MB/s
[   10.585884] raid6: avx2x2   xor() 20132 MB/s
[   10.724052] raid6: avx2x4   gen() 34617 MB/s
[   10.815764] raid6: avx2x4   xor() 23568 MB/s
[   10.856292] raid6: using algorithm avx2x4 gen() 34617 MB/s
[   10.928304] raid6: .... xor() 23568 MB/s, rmw enabled
[   11.008962] raid6: using avx2x2 recovery algorithm
[   11.114114] xor: automatically using best checksumming function   avx       
[   11.230526] async_tx: api initialized (async)
done.
Begin: Running /scripts/init-premount ... done.
Begin: Mounting root file system ... Begin: Running /scripts/local-top ... done.
Begin: Running /scripts/local-premount ... [   11.276612] Btrfs loaded, crc32c=crc32c-intel
Scanning for Btrfs filesystems
done.
Warning: fsck no[   11.379811] EXT4-fs (sda1): mounted filesystem with ordered data mode. Opts: (null)
t present, so skipping root file system
done.
Begin: Running /scripts/local-bottom ... done.
Begin: Running /scripts/init-bottom ... done.
[   11.698561] ip_tables: (C) 2000-2006 Netfilter Core Team
[   11.706793] systemd[1]: systemd 237 running in system mode. (+PAM +AUDIT +SELINUX +IMA +APPARMOR +SMACK +SYSVINIT +UTMP +LIBCRYPTSETUP +GCRYPT +GNUTLS +ACL +XZ +LZ4 +SECCOMP +BLKID +ELFUTILS +KMOD -IDN2 +IDN -PCRE2 default-hierarchy=hybrid)
[   11.710528] systemd[1]: Detected virtualization oracle.
[   11.711465] systemd[1]: Detected architecture x86-64.

Welcome to [1mUbuntu 18.04.4 LTS[0m!

[   11.715429] systemd[1]: Set hostname to <ubuntu>.
[   11.822775] systemd[1]: Initializing machine ID from random generator.
[   11.889402] systemd[1]: Installed transient /etc/machine-id file.
[   12.218268] systemd[1]: Reached target User and Group Name Lookups.
[[0;32m  OK  [0m] Reached target User and Group Name Lookups.
[   12.307741] systemd[1]: Reached target Swap.
[[0;32m  OK  [0m] Reached target Swap.
[   12.310066] systemd[1]: Set up automount Arbitrary Executable File Formats File System Automount Point.
[[0;32m  OK  [0m] Set up automount Arbitrary Executab…rmats File System Automount Point.
[   12.314180] systemd[1]: Created slice System Slice.
[[0;32m  OK  [0m] Created slice System Slice.
[[0;32m  OK  [0m] Listening on Journal Socket (/dev/log).
[[0;32m  OK  [0m] Listening on LVM2 metadata daemon socket.
[[0;32m  OK  [0m] Listening on udev Kernel Socket.
[[0;32m  OK  [0m] Listening on Journal Socket.
         Starting Create list of required st…ce nodes for the current kernel...
         Starting Set the console keyboard layout...
         Mounting POSIX Message Queue File System...
         Starting Remount Root and Kernel File Systems...
         Starting Load Kernel Modules...
         Mounting Huge Pages File System...
         Mounting Kernel Debug File System...
[[0;32m  OK  [0[   12.374646] Loading iSCSI transport class v2.0-870.
m] Listening on [   12.478391] EXT4-fs (sda1): re-mounted. Opts: (null)
Network Service [   12.618586] iscsi: registered transport (tcp)
Netlink Socket.
[[0;32m  OK  [0m] Listening on udev Control Socket.
[   12.791204] iscsi: registered transport (iser)
         Starting Uncomplicated firewall...
[[0;32m  OK  [0m] Listening on Syslog Socket.
[[0;32m  OK  [0m] Listening on Device-mapper event daemon FIFOs.
[[0;32m  OK  [0m] Created slice User and Session Slice.
[[0;32m  OK  [0m] Reached target Slices.
[[0;32m  OK  [0m] Started Forward Password Requests to Wall Directory Watch.
         Starting Monitoring of LVM2 mirrors…ng dmeventd or progress polling...
         Starting udev Coldplug all Devices...
[[0;32m  OK  [0m] Listening on /dev/initctl Compatibility Named Pipe.
[[0;32m  OK  [0m] Reached target System Time Synchronized.
[[0;32m  OK  [0m] Created slice system-serial\x2dgetty.slice.
[[0;32m  OK  [0m] Listening on Journal Audit Socket.
         Starting Journal[   13.322572] random: crng init done
 Service...
[   13.376807] random: 7 urandom warning(s) missed due to ratelimiting
[[0;32m  OK  [0m] Listening on LVM2 poll daemon socket.
[[0;32m  OK  [0m] Started Create list of required sta…vice nodes for the current kernel.
[[0;32m  OK  [0m] Started Set the console keyboard layout.
[[0;32m  OK  [0m] Mounted POSIX Message Queue File System.
[[0;32m  OK  [0m] Started Remount Root and Kernel File Systems.
[[0;32m  OK  [0m] Started Load Kernel Modules.
[[0;32m  OK  [0m] Mounted Huge Pages File System.
[[0;32m  OK  [0m] Mounted Kernel Debug File System.
[[0;32m  OK  [0m] Started Uncomplicated firewall.
[[0;32m  OK  [0m] Started Journal Service.
[[0;32m  OK  [0m] Started LVM2 metadata daemon.
         Mounting Kernel Configuration File System...
         Mounting FUSE Control File System...
         Starting Apply Kernel Variables...
         Starting Load/Save Random Seed...
         Starting Flush Journal to Persistent Storage...
         Starting Create Static Device Nodes in /dev...
[[0;32m  OK  [0m] Started Monitoring of LVM2 mirrors,…sing dmeventd or progress polling.
[[0;32m  OK  [0m] Started udev Coldplug all Devices.
[[0;32m  OK  [0m] Mounted Kernel Configuration File System.
[[0;32m  OK  [0m] Mounted FUSE Control File System.
[[0;32m  OK  [0m] Started Apply Kernel Variables.
[[0;32m  OK  [0m] Started Load/Save Random Seed.
[[0;32m  OK  [0m] Started Create Static Device Nodes in /dev.
         Starting udev Kernel Device Manager...
[[0;32m  OK  [0m] Reached target Local File Systems (Pre).
[[0;32m  OK  [0m] Reached target Local File Systems.
         Starting AppArmor initialization...
         Starting Set console font and keymap...
         Starting Tell Plymouth To Write Out Runtime Data...
         Starting Commit a transient machine-id on disk...
         Starting ebtables ruleset management...
[[0;32m  OK  [0m] Started Flush Journal to Persistent Storage.
         Starting Create Volatile Files and Directories...
[[0;32m  OK  [0m] Started udev Kernel Device Manager.
[[0;32m  OK  [0m] Started Set console font and keymap.
[[0;32m  OK  [0m] Started Tell Plymouth To Write Out Runtime Data.
[[0;32m  OK  [0m] Started Commit a transient machine-id on disk.
[[0;32m  OK  [0m] Started Create Volatile Files and Directories.
         Starting Update UTMP about System Boot/Shutdown...
[[0;32m  OK  [0m] Started Dispatch Password Requests to Console Directory Watch.
[[0;32m  OK  [0m] Reached target Local Encrypted Volumes.
[[0;32m  OK  [0m] Started Update UTMP about System Boot/Shutdown.
[[0;32m  OK  [0m] Started ebtables ruleset management.
[[0;32m  OK  [0m] Found device /dev/ttyS0.
[[0;32m  OK  [0m] Listening on Load/Save RF Kill Switch Status /dev/rfkill Watch.
[[0;32m  OK  [0m] Started AppArmor initialization.
         Starting Initial cloud-init job (pre-networking)...
[   16.471883] cloud-init[544]: Cloud-init v. 19.4-33-gbb4131a2-0ubuntu1~18.04.1 running 'init-local' at Wed, 29 Jul 2020 03:57:17 +0000. Up 16.13 seconds.
[[0;32m  OK  [0m] Started Initial cloud-init job (pre-networking).
[[0;32m  OK  [0m] Reached target Network (Pre).
         Starting Network Service...
[[0;32m  OK  [0m] Started Network Service.
         Starting Wait for Network to be Configured...
         Starting Network Name Resolution...
[[0;32m  OK  [0m] Started Network Name Resolution.
[[0;32m  OK  [0m] Reached target Network.
[[0;32m  OK  [0m] Reached target Host and Network Name Lookups.
[[0;32m  OK  [0m] Started Wait for Network to be Configured.
         Starting Initial cloud-init job (metadata service crawler)...
[   19.026378] cloud-init[678]: Cloud-init v. 19.4-33-gbb4131a2-0ubuntu1~18.04.1 running 'init' at Wed, 29 Jul 2020 03:57:20 +0000. Up 18.89 seconds.
[   19.101929] cloud-init[678]: ci-info: ++++++++++++++++++++++++++++++++++++++Net device info++++++++++++++++++++++++++++++++++++++
[   19.116253] cloud-init[678]: ci-info: +--------+------+----------------------------+---------------+--------+-------------------+
[   19.196228] cloud-init[678]: ci-info: | Device |  Up  |          Address           |      Mask     | Scope  |     Hw-Address    |
[   19.211497] cloud-init[678]: ci-info: +--------+------+----------------------------+---------------+--------+-------------------+
[   19.226087] cloud-init[678]: ci-info: | enp0s3 | True |         10.0.2.15          | 255.255.255.0 | global | 02:a9:4c:67:4e:6e |
[   19.229054] cloud-init[678]: ci-info: | enp0s3 | True | fe80::a9:4cff:fe67:4e6e/64 |       .       |  link  | 02:a9:4c:67:4e:6e |
[   19.232252] cloud-init[678]: ci-info: |   lo   | True |         127.0.0.1          |   255.0.0.0   |  host  |         .         |
[   19.238563] cloud-init[678]: ci-info: |   lo   | True |          ::1/128           |       .       |  host  |         .         |
[   19.244200] cloud-init[678]: ci-info: +--------+------+----------------------------+---------------+--------+-------------------+
[   19.249242] cloud-init[678]: ci-info: ++++++++++++++++++++++++++++Route IPv4 info+++++++++++++++++++++++++++++
[   19.271902] cloud-init[678]: ci-info: +-------+-------------+----------+-----------------+-----------+-------+
[   19.332348] cloud-init[678]: ci-info: | Route | Destination | Gateway  |     Genmask     | Interface | Flags |
[   19.393007] cloud-init[678]: ci-info: +-------+-------------+----------+-----------------+-----------+-------+
[   19.460598] cloud-init[678]: ci-info: |   0   |   0.0.0.0   | 10.0.2.2 |     0.0.0.0     |   enp0s3  |   UG  |
[   19.502030] cloud-init[678]: ci-info: |   1   |   10.0.2.0  | 0.0.0.0  |  255.255.255.0  |   enp0s3  |   U   |
[   19.504968] cloud-init[678]: ci-info: |   2   |   10.0.2.2  | 0.0.0.0  | 255.255.255.255 |   enp0s3  |   UH  |
[   19.572587] cloud-init[678]: ci-info: +-------+-------------+----------+-----------------+-----------+-------+
[   19.687504] cloud-init[678]: ci-info: +++++++++++++++++++Route IPv6 info+++++++++++++++++++
[[0;32m  OK  [0m] Started Initial cloud-init job (metadata service crawler).
[[0;32m  OK  [0m] Reached target Network is Online.
[   19.783469] cloud-init[678]: ci-info: +-------+-------------+---------+-----------+-------+
         Starting Availability of block devices...
[[0;32m  OK  [0m] Reached target Remote File Systems (Pre).
[   19.903010] cloud-init[678]: ci-info: | Route | Destination | Gateway | Interface | Flags |
[[0;32m  OK  [0m[   19.984367] cloud-init[678]: ci-info: +-------+-------------+---------+-----------+-------+
[   19.986959] cloud-init[678]: ci-info: |   1   |  fe80::/64  |    ::   |   enp0s3  |   U   |] Reached target Remote File Systems.
[[0;32m  OK  [0m] Reached target Cloud-config availability.
[[0;32m  OK  [0m] Reached target System Initialization.
[[0;32m  OK  [0m] Started Daily apt download activities.

         Starting LXD - unix socket.
[   20.003645] [[0;32m  OK  [0m] Listening on UUID daemon activation socket.cloud-init[678]: ci-info: |   3   |    local    |    ::   |   enp0s3  |   U   |
[   20.010477] cloud-init[678]: ci-info: |   4   |   ff00::/8  |    ::   |   enp0s3  |   U   |
[[0;32m  OK  [0m] Started Daily apt upgrade and clean activities.
[[0;32m  OK  [0m] Started ACPI Events Check.
[[0;32m  OK  [0m] Listening on ACPID Listen Socket.
[[0;32m  OK  [0m] 
Started Discard unused blocks once a week.
[[0;32m  OK  [0m] Started Daily Cleanup of Temporary Directories.
[[0;32m  OK  [0m] Listening on D-Bus System Message Bus Socket.
[[0;32m  OK  [0m] Listening on Open-iSCSI iscsid Socket.
         Starting Socket activation for snappy daemon.
[[0;32m  OK  [0m] Started Message of the Day.[   20.032891] cloud-init[678]: ci-info: +-------+-------------+---------+-----------+-------+
[   20.034067] cloud-init[678]: Generating public/private rsa key pair.
[   20.034117] cloud-init[678]: Your identification has been saved in /etc/ssh/ssh_host_rsa_key.
[   20.034155] cloud-init[678]: Your public key has been saved in /etc/ssh/ssh_host_rsa_key.pub.
[   20.034191] cloud-init[678]: The key fingerprint is:
[   20.034226] cloud-init[678]: SHA256:xukaaWtyXYLGqDnMy/sbHssFlZL4lrkZjJ2V+HFgDNY root@ubuntu-bionic
[   20.034267] cloud-init[678]: The key's randomart image is:
[   20.034306] cloud-init[678]: +---[RSA 2048]----+
[   20.034356] cloud-init[678]: |    o+o          |
[   20.034390] cloud-init[678]: |   o +E+         |
[   20.034424] cloud-init[678]: |  . + * .        |
[   20.034460] cloud-init[678]: |   = O + .       |
[   20.034494] cloud-init[678]: |  . @o..S        |
[   20.034527] cloud-init[678]: |   ..=++. .      |
[   20.034562] cloud-init[678]: | o o=.=..o       |
[   20.034601] cloud-init[678]: | .*o.*o+.        |
[   20.034638] cloud-init[678]: |  +=*=o          |
[   20.034672] cloud-init[678]: +----[SHA256]-----+
[   20.034703] cloud-init[678]: Generating public/private dsa key pair.
[   20.034739] cloud-init[678]: Your identification has been saved in /etc/ssh/ssh_host_dsa_key.
[   20.034773] cloud-init[678]: Your public key has been saved in /etc/ssh/ssh_host_dsa_key.pub.
[   20.034807] cloud-init[678]: The key fingerprint is:
[   20.034838] cloud-init[678]: SHA256:LKbXYLgU4VXjgusXKZiAtmaHtFxKF/Ue5fnK0AaJhyg root@ubuntu-bionic
[   20.034873] cloud-init[678]: The key's randomart image is:
[   20.034904] cloud-init[678]: +---[DSA 1024]----+
[   20.034934] cloud-init[678]: |   .o...o.       |
[   20.034965] cloud-init[678]: |.  .o++.+..      |
[   20.035000] cloud-init[678]: |oE ++o.*.o       |
[   20.035034] cloud-init[678]: |=.Oo +o++ .      |
[   20.035067] cloud-init[678]: | Oo.= BoSo .     |
[   20.035104] cloud-init[678]: |o .o * =+ .      |
[   20.035137] cloud-init[678]: |    + o .o       |
[   20.035171] cloud-init[678]: |     o           |
[   20.035205] cloud-init[678]: |                 |
[   20.035238] cloud-init[678]: +----[SHA256]-----+
[   20.035273] cloud-init[678]: Generating public/private ecdsa key pair.
[   20.035320] cloud-init[678]: Your identification has been saved in /etc/ssh/ssh_host_ecdsa_key.
[   20.035354] cloud-init[678]: Your public key has been saved in /etc/ssh/ssh_host_ecdsa_key.pub.
[   20.035386] cloud-init[678]: The key fingerprint is:
[   20.035417] cloud-init[678]: SHA256:nF2lwMk6Q0bRb56uXZq1FbS1pbfRk4r6JdPuXIo8zNY root@ubuntu-bionic
[   20.035453] cloud-init[678]: The key's randomart image is:
[   20.035484] cloud-init[678]: +---[ECDSA 256]---+
[   20.035516] cloud-init[678]: |       .o=..  .  |
[   20.035548] cloud-init[678]: |        o =. o   |
[   20.035581] cloud-init[678]: |       o . .o  .o|
[   20.035613] cloud-init[678]: |       .+o .o ..B|
[   20.035647] cloud-init[678]: |        So.o ..Bo|
[   20.035785] cloud-init[678]: |            = ..=|
[   20.035825] cloud-init[678]: |          o=.+oo.|
[   20.035864] cloud-init[678]: |          o*OEoo |
[   20.035895] cloud-init[678]: |         .+=*=.  |
[   20.035929] cloud-init[678]: +----[SHA256]-----+
[   20.035960] cloud-init[678]: Generating public/private ed25519 key pair.
[   20.035994] cloud-init[678]: Your identification has been saved in /etc/ssh/ssh_host_ed25519_key.
[   20.036027] cloud-init[678]: Your public key has been saved in /etc/ssh/ssh_host_ed25519_key.pub.
[   20.036063] cloud-init[678]: The key fingerprint is:
[   20.036094] cloud-init[678]: SHA256:f+ZECwCB0yyxeaj5XfpU6ufSL9Vb7rzZYfSpVZv8ml0 root@ubuntu-bionic
[   20.036130] cloud-init[678]: The key's randomart image is:

[[0;32m  OK  [0m] Reached target Timers.
[[0;32m  OK  [0m] Reached target Paths.
[   20.036811] cloud-init[678]: +--[ED25519 256]--+[[0;32m  OK  [0m] Started Availability of block devices.
[[0;32m  OK  [0m] Listening on LXD - unix socket.
[[0;32m  OK  [0m] Listening on Socket activation for snappy daemon.
[   21.128720] cloud-init[678]: |    .=o.         |
[   21.129955] cloud-init[678]: |    ++o.         |
[   21.131128] cloud-init[678]: |    +o. .        |
[[0;32m  OK  [0m] Reached target Sockets.
[[0;32m  OK  [0m] Reached target Basic System.

[   21.135524] cloud-init         Starting Dispatcher daemon for systemd-networkd...
[[0;32m  OK  [0m] Started irqbalance daemon.
         Starting Permit User Sessions...
[678]: |   o .   .       |
[[0;32m  OK  [0m] Started Deferred execution scheduler.
[[0;32m  OK  [0m] Started FUSE filesystem for LXC.
         Starting System Logging Service...
         Starting Pollinate to seed the pseudo random number generator...
[   21.270147] cloud-init[678]: |  o     S o .. ..|
[   21.333372] [[0;32m  OK  [0m] Started Regular background program processing daemon.
cloud-init         Starting Login Service...
[678]: |   . . o + o..+ B|
         Starting LSB: Record successful boot for GRUB...
         Starting LSB: automatic crash report generation...
         Starting Snappy daemon...
         Starting Virtualbox guest utils...
[   21.370988] cloud-init[678]:          Starting Accounts Service...
[[0;32m  OK  [0m] Started D-Bus System Message Bus.
|    . o o...=  %E|
[   21.409254] cloud-init[678]: |       +. +=  =+B|
[   21.424279] cloud-init[678]: |        o+.oo.o=B|
[   21.428139] cloud-init[678]: +----[SHA256]-----+
         Starting LXD - container startup/shutdown...
[[0;32m  OK  [0m] Started System Logging Service.
[[0;32m  OK  [0m] Started Permit User Sessions.
[[0;32m  OK  [0m] Started Login Service.
         Starting Authorization Manager...
[[0;32m  OK  [0m] Started Unattended Upgrades Shutdown.
         Starting Hold until boot process finishes up...
         Starting Terminate Plymouth Boot Screen...
[[0;32m  OK  [0m] Started Hold until boot process finishes up.
         Starting Set console scheme...
[[0;32m  OK  [0m] Started Serial Getty on ttyS0.
[[0;32m  OK  [0m] Started Terminate Plymouth Boot Screen.
[[0;32m  OK  [0m] Started LSB: Record successful boot for GRUB.
[[0;32m  OK  [0m] Started LSB: automatic crash report generation.
[[0;32m  OK  [0m] Started Set console scheme.
[[0;32m  OK  [0m] Created slice system-getty.slice.
[[0;32m  OK  [0m] Started Getty on tty1.
[[0;32m  OK  [0m] Reached target Login Prompts.
[[0;32m  OK  [0m] Started Authorization Manager.
[[0;32m  OK  [0m] Started Accounts Service.
[[0;32m  OK  [0m] Started Dispatcher daemon for systemd-networkd.
[[0;32m  OK  [0m] Started Virtualbox guest utils.
[[0;32m  OK  [0m] Started LXD - container startup/shutdown.
[[0;32m  OK  [0m] Started Snappy daemon.
         Starting Wait until snapd is fully seeded...
[[0;32m  OK  [0m] Started Pollinate to seed the pseudo random number generator.
         Starting OpenBSD Secure Shell server...
[[0;32m  OK  [0m] Started OpenBSD Secure Shell server.
[[0;32m  OK  [0m] Created slice User Slice of vagrant.
         Starting User Manager for UID 1000...
[[0;32m  OK  [0m] Started Session 1 of user vagrant.
[[0;32m  OK  [0m] Started User Manager for UID 1000.
[[0;32m  OK  [0m] Started Session 3 of user vagrant.
[[0;32m  OK  [0m] Started Wait until snapd is fully seeded.
[[0;32m  OK  [0m] Reached target Multi-User System.
[[0;32m  OK  [0m] Reached target Graphical Interface.
         Starting Update UTMP about System Runlevel Changes...
         Starting Apply the settings specified in cloud-config...
[[0;32m  OK  [0m] Started Update UTMP about System Runlevel Changes.
[   27.565641] cloud-init[1467]: Cloud-init v. 19.4-33-gbb4131a2-0ubuntu1~18.04.1 running 'modules:config' at Wed, 29 Jul 2020 03:57:28 +0000. Up 27.03 seconds.

Ubuntu 18.04.4 LTS ubuntu-bionic ttyS0

ubuntu-bionic login: ci-info: no authorized SSH keys fingerprints found for user ubuntu.
<14>Jul 29 03:57:29 ec2: 
<14>Jul 29 03:57:29 ec2: #############################################################
<14>Jul 29 03:57:29 ec2: -----BEGIN SSH HOST KEY FINGERPRINTS-----
<14>Jul 29 03:57:29 ec2: 1024 SHA256:LKbXYLgU4VXjgusXKZiAtmaHtFxKF/Ue5fnK0AaJhyg root@ubuntu-bionic (DSA)
<14>Jul 29 03:57:29 ec2: 256 SHA256:nF2lwMk6Q0bRb56uXZq1FbS1pbfRk4r6JdPuXIo8zNY root@ubuntu-bionic (ECDSA)
<14>Jul 29 03:57:29 ec2: 256 SHA256:f+ZECwCB0yyxeaj5XfpU6ufSL9Vb7rzZYfSpVZv8ml0 root@ubuntu-bionic (ED25519)
<14>Jul 29 03:57:29 ec2: 2048 SHA256:xukaaWtyXYLGqDnMy/sbHssFlZL4lrkZjJ2V+HFgDNY root@ubuntu-bionic (RSA)
<14>Jul 29 03:57:29 ec2: -----END SSH HOST KEY FINGERPRINTS-----
<14>Jul 29 03:57:29 ec2: #############################################################
-----BEGIN SSH HOST KEY KEYS-----
ecdsa-sha2-nistp256 AAAAE2VjZHNhLXNoYTItbmlzdHAyNTYAAAAIbmlzdHAyNTYAAABBBFw7YD/a/3xAldihXbjJYo2qbydZKmPsXw5UVzsOxB8kH/BbyGCwk144zRqoi3/aAfkiAwDiJaw4MTfEgmTt44I= root@ubuntu-bionic
ssh-ed25519 AAAAC3NzaC1lZDI1NTE5AAAAIJec1XeJnHo2k2WM+qgPbXw9V9E4PJYdDhw+WghFRfp3 root@ubuntu-bionic
ssh-rsa AAAAB3NzaC1yc2EAAAADAQABAAABAQDAvMf7M34DhDHYCjrimYGxM67aWTqbUCvPX24S9mvkgl3xIKdaf6R11KpqYTrT5WpZLZSdXtA6M5reVqzThytixT/D41VQ4k/QvNIrS1ZxDG47RNEXCm5Yzi12mTvKrZpq1Qx+zgRj/XvC+M/9AvMHMoIfRNTgKX2+rioAGdtWpLrz3kq7Q9quM7VIdS8JZEzNYSOj1JG7S3D8Hi32Pu1d0CkAl8oMWlaPS4Oc+qRdgET0gXSahCpmRINb5Pv0sii5BIUvCv8J9uKZz77E5TPLRRvwXP8/zzIFabSotsVi5ugB+JTOTGGTLvyTv4kbkVdbQK/fDF0wBBbmkiq4RnFJ root@ubuntu-bionic
-----END SSH HOST KEY KEYS-----
[   28.260364] cloud-init[1606]: Cloud-init v. 19.4-33-gbb4131a2-0ubuntu1~18.04.1 running 'modules:final' at Wed, 29 Jul 2020 03:57:29 +0000. Up 28.12 seconds.
[   28.260437] cloud-init[1606]: ci-info: no authorized SSH keys fingerprints found for user ubuntu.
[   28.260489] cloud-init[1606]: Cloud-init v. 19.4-33-gbb4131a2-0ubuntu1~18.04.1 finished at Wed, 29 Jul 2020 03:57:29 +0000. Datasource DataSourceNoCloud [seed=/dev/sdb][dsmode=net].  Up 28.25 seconds
